<?xml version="1.0" encoding="UTF-8"?>
<!-- Generated by org.testng.reporters.JUnitReportReporter -->
<testsuite hostname="DESKTOP-S54S9MI" failures="0" tests="1" name="com.authorizations.DigestAuth" time="5.590" errors="0" timestamp="2023-10-09T06:42:33 IST" skipped="0">
  <testcase classname="com.authorizations.DigestAuth" name="testDigestAuthentication" time="5.590"/>
</testsuite> <!-- com.authorizations.DigestAuth -->
