<?xml version="1.0" encoding="UTF-8"?>
<!-- Generated by org.testng.reporters.JUnitReportReporter -->
<testsuite hostname="DESKTOP-S54S9MI" failures="0" tests="1" name="com.authorizations.BearerToken" time="4.739" errors="0" timestamp="2023-10-09T07:02:11 IST" skipped="0">
  <testcase classname="com.authorizations.BearerToken" name="testBearerTokenAuthentication" time="4.739"/>
</testsuite> <!-- com.authorizations.BearerToken -->
