<?xml version="1.0" encoding="UTF-8"?>
<!-- Generated by org.testng.reporters.JUnitReportReporter -->
<testsuite hostname="DESKTOP-S54S9MI" failures="0" tests="1" name="com.authorizations.BasicAuth" time="5.972" errors="0" timestamp="2023-10-09T06:35:17 IST" skipped="0">
  <testcase classname="com.authorizations.BasicAuth" name="testBasicAuthorization" time="5.972"/>
</testsuite> <!-- com.authorizations.BasicAuth -->
