<?xml version="1.0" encoding="UTF-8"?>
<!-- Generated by org.testng.reporters.JUnitReportReporter -->
<testsuite hostname="LAPTOP-DQJJ62QQ" failures="0" tests="1" name="com.serializationanddeserializarion.Serialization" time="0.871" errors="0" timestamp="2023-09-25T07:16:40 IST" skipped="0">
  <testcase classname="com.serializationanddeserializarion.Serialization" name="pojoToJson" time="0.871"/>
</testsuite> <!-- com.serializationanddeserializarion.Serialization -->
