<?xml version="1.0" encoding="UTF-8"?>
<!-- Generated by org.testng.reporters.JUnitReportReporter -->
<testsuite hostname="LAPTOP-DQJJ62QQ" failures="0" tests="1" name="com.basicrequests.QueryAndPathParams" time="5.459" errors="0" timestamp="2023-08-27T14:11:10 IST" skipped="0">
  <testcase classname="com.basicrequests.QueryAndPathParams" name="queryAndPathParams" time="5.459"/>
</testsuite> <!-- com.basicrequests.QueryAndPathParams -->
