<?xml version="1.0" encoding="UTF-8"?>
<!-- Generated by org.testng.reporters.JUnitReportReporter -->
<testsuite hostname="LAPTOP-DQJJ62QQ" failures="0" tests="4" name="com.basicrequests.HTTPRequests" time="13.095" errors="0" timestamp="2023-09-13T07:57:54 IST" skipped="0">
  <testcase classname="com.basicrequests.HTTPRequests" name="getRequest" time="9.445"/>
  <testcase classname="com.basicrequests.HTTPRequests" name="postRequest" time="2.798"/>
  <testcase classname="com.basicrequests.HTTPRequests" name="putRequest" time="0.424"/>
  <testcase classname="com.basicrequests.HTTPRequests" name="deleteRequest" time="0.428"/>
</testsuite> <!-- com.basicrequests.HTTPRequests -->
