<?xml version="1.0" encoding="UTF-8"?>
<!-- Generated by org.testng.reporters.JUnitReportReporter -->
<testsuite hostname="DESKTOP-S54S9MI" failures="0" tests="1" name="com.apichaining.GoRestAPIUpdateUser" time="0.500" errors="0" timestamp="2023-10-11T07:38:16 IST" skipped="0">
  <testcase classname="com.apichaining.GoRestAPIUpdateUser" name="updateUser" time="0.500"/>
</testsuite> <!-- com.apichaining.GoRestAPIUpdateUser -->
