<?xml version="1.0" encoding="UTF-8"?>
<!-- Generated by org.testng.reporters.JUnitReportReporter -->
<testsuite hostname="DESKTOP-57NG131" failures="0" tests="1" name="com.basicrequests.FakeDataGeneration" time="1.546" errors="0" timestamp="2024-03-17T18:03:33 IST" skipped="0">
  <testcase classname="com.basicrequests.FakeDataGeneration" name="generateTestData" time="1.546"/>
</testsuite> <!-- com.basicrequests.FakeDataGeneration -->
