<?xml version="1.0" encoding="UTF-8"?>
<!-- Generated by org.testng.reporters.JUnitReportReporter -->
<testsuite hostname="DESKTOP-57NG131" failures="0" tests="1" name="com.serializationanddeserializarion.Deserialization" time="0.020" errors="0" timestamp="2024-04-22T20:29:56 IST" skipped="0">
  <testcase classname="com.serializationanddeserializarion.Deserialization" name="jsonToPojoUsingJsonSimple" time="0.020"/>
</testsuite> <!-- com.serializationanddeserializarion.Deserialization -->
