<?xml version="1.0" encoding="UTF-8"?>
<!-- Generated by org.testng.reporters.JUnitReportReporter -->
<testsuite hostname="DESKTOP-S54S9MI" failures="0" tests="4" name="com.basicrequests.HTTPRequests" time="17.046" errors="0" timestamp="2023-10-08T09:35:36 IST" skipped="0">
  <testcase classname="com.basicrequests.HTTPRequests" name="getRequest" time="7.106"/>
  <testcase classname="com.basicrequests.HTTPRequests" name="postRequest" time="5.614"/>
  <testcase classname="com.basicrequests.HTTPRequests" name="putRequest" time="2.177"/>
  <testcase classname="com.basicrequests.HTTPRequests" name="deleteRequest" time="2.149"/>
</testsuite> <!-- com.basicrequests.HTTPRequests -->
