<?xml version="1.0" encoding="UTF-8"?>
<!-- Generated by org.testng.reporters.JUnitReportReporter -->
<testsuite hostname="DESKTOP-S54S9MI" failures="0" tests="1" name="com.apichaining.GoRestAPIGetUser" time="0.587" errors="0" timestamp="2023-10-11T07:38:16 IST" skipped="0">
  <testcase classname="com.apichaining.GoRestAPIGetUser" name="getUser" time="0.587"/>
</testsuite> <!-- com.apichaining.GoRestAPIGetUser -->
