<?xml version="1.0" encoding="UTF-8"?>
<!-- Generated by org.testng.reporters.JUnitReportReporter -->
<testsuite hostname="DESKTOP-S54S9MI" failures="0" tests="1" name="com.authorizations.OAuth" time="3.548" errors="0" timestamp="2023-10-09T07:39:35 IST" skipped="0">
  <testcase classname="com.authorizations.OAuth" name="testOAuthTwoAuthentication" time="3.548"/>
</testsuite> <!-- com.authorizations.OAuth -->
