<?xml version="1.0" encoding="UTF-8"?>
<!-- Generated by org.testng.reporters.JUnitReportReporter -->
<testsuite hostname="DESKTOP-S54S9MI" failures="0" tests="1" name="com.basicrequests.FakeDataGeneration" time="0.698" errors="0" timestamp="2023-10-09T08:18:13 IST" skipped="0">
  <testcase classname="com.basicrequests.FakeDataGeneration" name="generateTestData" time="0.698"/>
</testsuite> <!-- com.basicrequests.FakeDataGeneration -->
