<?xml version="1.0" encoding="UTF-8"?>
<!-- Generated by org.testng.reporters.JUnitReportReporter -->
<testsuite hostname="LAPTOP-DQJJ62QQ" failures="0" tests="1" name="com.basicrequests.CookiesAndHeaders" time="4.348" errors="0" timestamp="2023-08-27T14:10:12 IST" skipped="0">
  <testcase classname="com.basicrequests.CookiesAndHeaders" name="cookies" time="4.348"/>
</testsuite> <!-- com.basicrequests.CookiesAndHeaders -->
