<?xml version="1.0" encoding="UTF-8"?>
<!-- Generated by org.testng.reporters.JUnitReportReporter -->
<testsuite hostname="DESKTOP-57NG131" failures="0" tests="1" name="com.serializationanddeserializarion.Serialization" time="0.324" errors="0" timestamp="2024-04-21T11:39:21 IST" skipped="0">
  <testcase classname="com.serializationanddeserializarion.Serialization" name="pojoToJson" time="0.324"/>
</testsuite> <!-- com.serializationanddeserializarion.Serialization -->
