<?xml version="1.0" encoding="UTF-8"?>
<!-- Generated by org.testng.reporters.JUnitReportReporter -->
<testsuite hostname="DESKTOP-S54S9MI" failures="0" tests="1" name="com.authorizations.PreemptiveAuth" time="5.014" errors="0" timestamp="2023-10-09T06:53:06 IST" skipped="0">
  <testcase classname="com.authorizations.PreemptiveAuth" name="testPreemptiveAuthentication" time="5.014"/>
</testsuite> <!-- com.authorizations.PreemptiveAuth -->
