<?xml version="1.0" encoding="UTF-8"?>
<!-- Generated by org.testng.reporters.JUnitReportReporter -->
<testsuite hostname="LAPTOP-DQJJ62QQ" failures="0" tests="1" name="com.validateresponse.ParsingXMLResponse" time="3.482" errors="0" timestamp="2023-09-20T08:03:05 IST" skipped="0">
  <testcase classname="com.validateresponse.ParsingXMLResponse" name="testXMLRespone3" time="3.482"/>
</testsuite> <!-- com.validateresponse.ParsingXMLResponse -->
