<?xml version="1.0" encoding="UTF-8"?>
<!-- Generated by org.testng.reporters.JUnitReportReporter -->
<testsuite hostname="LAPTOP-DQJJ62QQ" failures="0" tests="1" name="com.serializationanddeserializarion.Deserialization" time="0.449" errors="0" timestamp="2023-09-25T07:26:57 IST" skipped="0">
  <testcase classname="com.serializationanddeserializarion.Deserialization" name="jsonToPojo" time="0.449"/>
</testsuite> <!-- com.serializationanddeserializarion.Deserialization -->
