<?xml version="1.0" encoding="UTF-8"?>
<!-- Generated by org.testng.reporters.JUnitReportReporter -->
<testsuite hostname="LAPTOP-DQJJ62QQ" failures="0" tests="8" name="com.basicrequests.RequestBodyTypes" time="22.180" errors="0" timestamp="2023-08-26T17:43:41 IST" skipped="0">
  <testcase classname="com.basicrequests.RequestBodyTypes" name="hashMapBody" time="6.937"/>
  <testcase classname="com.basicrequests.RequestBodyTypes" name="delHashMapRequest" time="2.111"/>
  <testcase classname="com.basicrequests.RequestBodyTypes" name="jsonLibrary" time="2.278"/>
  <testcase classname="com.basicrequests.RequestBodyTypes" name="delJsonLibraryRequest" time="2.139"/>
  <testcase classname="com.basicrequests.RequestBodyTypes" name="pojo" time="2.282"/>
  <testcase classname="com.basicrequests.RequestBodyTypes" name="delPOJORequest" time="2.090"/>
  <testcase classname="com.basicrequests.RequestBodyTypes" name="jsonFile" time="2.241"/>
  <testcase classname="com.basicrequests.RequestBodyTypes" name="delJSONFileRequest" time="2.102"/>
</testsuite> <!-- com.basicrequests.RequestBodyTypes -->
