<?xml version="1.0" encoding="UTF-8"?>
<!-- Generated by org.testng.reporters.JUnitReportReporter -->
<testsuite hostname="LAPTOP-DQJJ62QQ" failures="0" tests="1" name="com.validateresponse.ParsingJSONResponse" time="5.463" errors="0" timestamp="2023-08-30T07:47:13 IST" skipped="0">
  <testcase classname="com.validateresponse.ParsingJSONResponse" name="validateJSONResponseOne" time="5.463"/>
</testsuite> <!-- com.validateresponse.ParsingJSONResponse -->
